<?xml version="1.0" encoding="UTF-8"?>
<!-- Generated by org.testng.reporters.JUnitXMLReporter -->
<testsuite ignored="0" hostname="zispo-B250M-Gaming-3" failures="2" tests="3" name="Surefire test" time="0.06" errors="0" timestamp="2023-01-06T01:23:21 BRT">
  <testcase classname="TestSocket" name="calldog" time="0.008"/>
  <testcase classname="TestSocket" name="initCliente" time="0.002">
    <failure type="java.net.ConnectException" message="Conexão recusada (Connection refused)">
      <![CDATA[java.net.ConnectException: Conexão recusada (Connection refused)
at java.base/java.net.PlainSocketImpl.socketConnect(Native Method)
at java.base/java.net.AbstractPlainSocketImpl.doConnect(AbstractPlainSocketImpl.java:412)
at java.base/java.net.AbstractPlainSocketImpl.connectToAddress(AbstractPlainSocketImpl.java:253)
at java.base/java.net.AbstractPlainSocketImpl.connect(AbstractPlainSocketImpl.java:237)
at java.base/java.net.SocksSocketImpl.connect(SocksSocketImpl.java:392)
at java.base/java.net.Socket.connect(Socket.java:609)
at java.base/java.net.Socket.connect(Socket.java:558)
at java.base/java.net.Socket.<init>(Socket.java:454)
at java.base/java.net.Socket.<init>(Socket.java:231)
at TestSocket.initCliente(TestSocket.java:15)
at java.base/java.util.ArrayList.forEach(ArrayList.java:1541)
... Removed 32 stack frames]]>
    </failure>
  </testcase> <!-- initCliente -->
  <testcase classname="TestSocket" name="testSocket" time="0.0">
    <failure type="java.net.BindException" message="Endereço já em uso (Bind failed)">
      <![CDATA[java.net.BindException: Endereço já em uso (Bind failed)
at java.base/java.net.PlainSocketImpl.socketBind(Native Method)
at java.base/java.net.AbstractPlainSocketImpl.bind(AbstractPlainSocketImpl.java:452)
at java.base/java.net.ServerSocket.bind(ServerSocket.java:395)
at java.base/java.net.ServerSocket.<init>(ServerSocket.java:257)
at java.base/java.net.ServerSocket.<init>(ServerSocket.java:149)
at com.nixe.pinup.utils.ListingSOCKET.<init>(ListingSOCKET.java:17)
at TestSocket.testSocket(TestSocket.java:11)
at java.base/java.util.ArrayList.forEach(ArrayList.java:1541)
... Removed 32 stack frames]]>
    </failure>
  </testcase> <!-- testSocket -->
</testsuite> <!-- Surefire test -->
