<?xml version="1.0" encoding="UTF-8"?>
<testsuite xmlns:xsi="http://www.w3.org/2001/XMLSchema-instance" xsi:noNamespaceSchemaLocation="https://maven.apache.org/surefire/maven-surefire-plugin/xsd/surefire-test-report.xsd" name="TestSocket" time="0.35" tests="3" errors="0" skipped="0" failures="2">
  <properties>
[...]
</properties>
  <testcase name="calldog" classname="TestSocket" time="0.008"/>
  <testcase name="initCliente" classname="TestSocket" time="0.007">
    <failure message="Conexão recusada (Connection refused)" type="java.net.ConnectException">java.net.ConnectException: Conexão recusada (Connection refused)
	at TestSocket.initCliente(TestSocket.java:15)
</failure>
  </testcase>
  <testcase name="testSocket" classname="TestSocket" time="0">
    <failure message="Endereço já em uso (Bind failed)" type="java.net.BindException">java.net.BindException: Endereço já em uso (Bind failed)
	at TestSocket.testSocket(TestSocket.java:11)
</failure>
  </testcase>
</testsuite>