<?xml version="1.0" encoding="UTF-8"?>
<testsuite xmlns:xsi="http://www.w3.org/2001/XMLSchema-instance" xsi:noNamespaceSchemaLocation="https://maven.apache.org/surefire/maven-surefire-plugin/xsd/surefire-test-report.xsd" name="TestSocket" time="2.651" tests="3" errors="0" skipped="0" failures="3">
  <properties>
[...]
</properties>
  <testcase name="calldog" classname="TestSocket" time="0.016">
    <failure message="Address already in use: bind" type="java.net.BindException">java.net.BindException: Address already in use: bind
	at TestSocket.calldog(TestSocket.java:24)
</failure>
  </testcase>
  <testcase name="initCliente" classname="TestSocket" time="2.214">
    <failure message="Connection refused: connect" type="java.net.ConnectException">java.net.ConnectException: Connection refused: connect
	at TestSocket.initCliente(TestSocket.java:17)
</failure>
  </testcase>
  <testcase name="testSocket" classname="TestSocket" time="0.001">
    <failure message="Address already in use: bind" type="java.net.BindException">java.net.BindException: Address already in use: bind
	at TestSocket.testSocket(TestSocket.java:13)
</failure>
  </testcase>
</testsuite>